G75*
%MOIN*%
%OFA0B0*%
%FSLAX25Y25*%
%IPPOS*%
%LPD*%
%AMOC8*
5,1,8,0,0,1.08239X$1,22.5*
%
%ADD10C,0.00000*%
%ADD11C,0.03937*%
D10*
X0071103Y0029843D02*
X0094725Y0006221D01*
X0197087Y0006221D01*
X0197087Y0100709D01*
X0094725Y0100709D01*
X0071103Y0077087D01*
X0071103Y0029843D01*
X0080551Y0030433D02*
X0080553Y0030521D01*
X0080559Y0030609D01*
X0080569Y0030697D01*
X0080583Y0030785D01*
X0080600Y0030871D01*
X0080622Y0030957D01*
X0080647Y0031041D01*
X0080677Y0031125D01*
X0080709Y0031207D01*
X0080746Y0031287D01*
X0080786Y0031366D01*
X0080830Y0031443D01*
X0080877Y0031518D01*
X0080927Y0031590D01*
X0080981Y0031661D01*
X0081037Y0031728D01*
X0081097Y0031794D01*
X0081159Y0031856D01*
X0081225Y0031916D01*
X0081292Y0031972D01*
X0081363Y0032026D01*
X0081435Y0032076D01*
X0081510Y0032123D01*
X0081587Y0032167D01*
X0081666Y0032207D01*
X0081746Y0032244D01*
X0081828Y0032276D01*
X0081912Y0032306D01*
X0081996Y0032331D01*
X0082082Y0032353D01*
X0082168Y0032370D01*
X0082256Y0032384D01*
X0082344Y0032394D01*
X0082432Y0032400D01*
X0082520Y0032402D01*
X0082608Y0032400D01*
X0082696Y0032394D01*
X0082784Y0032384D01*
X0082872Y0032370D01*
X0082958Y0032353D01*
X0083044Y0032331D01*
X0083128Y0032306D01*
X0083212Y0032276D01*
X0083294Y0032244D01*
X0083374Y0032207D01*
X0083453Y0032167D01*
X0083530Y0032123D01*
X0083605Y0032076D01*
X0083677Y0032026D01*
X0083748Y0031972D01*
X0083815Y0031916D01*
X0083881Y0031856D01*
X0083943Y0031794D01*
X0084003Y0031728D01*
X0084059Y0031661D01*
X0084113Y0031590D01*
X0084163Y0031518D01*
X0084210Y0031443D01*
X0084254Y0031366D01*
X0084294Y0031287D01*
X0084331Y0031207D01*
X0084363Y0031125D01*
X0084393Y0031041D01*
X0084418Y0030957D01*
X0084440Y0030871D01*
X0084457Y0030785D01*
X0084471Y0030697D01*
X0084481Y0030609D01*
X0084487Y0030521D01*
X0084489Y0030433D01*
X0084487Y0030345D01*
X0084481Y0030257D01*
X0084471Y0030169D01*
X0084457Y0030081D01*
X0084440Y0029995D01*
X0084418Y0029909D01*
X0084393Y0029825D01*
X0084363Y0029741D01*
X0084331Y0029659D01*
X0084294Y0029579D01*
X0084254Y0029500D01*
X0084210Y0029423D01*
X0084163Y0029348D01*
X0084113Y0029276D01*
X0084059Y0029205D01*
X0084003Y0029138D01*
X0083943Y0029072D01*
X0083881Y0029010D01*
X0083815Y0028950D01*
X0083748Y0028894D01*
X0083677Y0028840D01*
X0083605Y0028790D01*
X0083530Y0028743D01*
X0083453Y0028699D01*
X0083374Y0028659D01*
X0083294Y0028622D01*
X0083212Y0028590D01*
X0083128Y0028560D01*
X0083044Y0028535D01*
X0082958Y0028513D01*
X0082872Y0028496D01*
X0082784Y0028482D01*
X0082696Y0028472D01*
X0082608Y0028466D01*
X0082520Y0028464D01*
X0082432Y0028466D01*
X0082344Y0028472D01*
X0082256Y0028482D01*
X0082168Y0028496D01*
X0082082Y0028513D01*
X0081996Y0028535D01*
X0081912Y0028560D01*
X0081828Y0028590D01*
X0081746Y0028622D01*
X0081666Y0028659D01*
X0081587Y0028699D01*
X0081510Y0028743D01*
X0081435Y0028790D01*
X0081363Y0028840D01*
X0081292Y0028894D01*
X0081225Y0028950D01*
X0081159Y0029010D01*
X0081097Y0029072D01*
X0081037Y0029138D01*
X0080981Y0029205D01*
X0080927Y0029276D01*
X0080877Y0029348D01*
X0080830Y0029423D01*
X0080786Y0029500D01*
X0080746Y0029579D01*
X0080709Y0029659D01*
X0080677Y0029741D01*
X0080647Y0029825D01*
X0080622Y0029909D01*
X0080600Y0029995D01*
X0080583Y0030081D01*
X0080569Y0030169D01*
X0080559Y0030257D01*
X0080553Y0030345D01*
X0080551Y0030433D01*
X0080158Y0044410D02*
X0080160Y0044507D01*
X0080166Y0044604D01*
X0080176Y0044700D01*
X0080190Y0044796D01*
X0080208Y0044892D01*
X0080229Y0044986D01*
X0080255Y0045080D01*
X0080284Y0045172D01*
X0080318Y0045263D01*
X0080354Y0045353D01*
X0080395Y0045441D01*
X0080439Y0045527D01*
X0080487Y0045612D01*
X0080538Y0045694D01*
X0080592Y0045775D01*
X0080650Y0045853D01*
X0080711Y0045928D01*
X0080774Y0046001D01*
X0080841Y0046072D01*
X0080911Y0046139D01*
X0080983Y0046204D01*
X0081058Y0046265D01*
X0081136Y0046324D01*
X0081215Y0046379D01*
X0081297Y0046431D01*
X0081381Y0046479D01*
X0081467Y0046524D01*
X0081555Y0046566D01*
X0081644Y0046604D01*
X0081735Y0046638D01*
X0081827Y0046668D01*
X0081920Y0046695D01*
X0082015Y0046717D01*
X0082110Y0046736D01*
X0082206Y0046751D01*
X0082302Y0046762D01*
X0082399Y0046769D01*
X0082496Y0046772D01*
X0082593Y0046771D01*
X0082690Y0046766D01*
X0082786Y0046757D01*
X0082882Y0046744D01*
X0082978Y0046727D01*
X0083073Y0046706D01*
X0083166Y0046682D01*
X0083259Y0046653D01*
X0083351Y0046621D01*
X0083441Y0046585D01*
X0083529Y0046546D01*
X0083616Y0046502D01*
X0083701Y0046456D01*
X0083784Y0046405D01*
X0083865Y0046352D01*
X0083943Y0046295D01*
X0084020Y0046235D01*
X0084093Y0046172D01*
X0084164Y0046106D01*
X0084232Y0046037D01*
X0084298Y0045965D01*
X0084360Y0045891D01*
X0084419Y0045814D01*
X0084475Y0045735D01*
X0084528Y0045653D01*
X0084578Y0045570D01*
X0084623Y0045484D01*
X0084666Y0045397D01*
X0084705Y0045308D01*
X0084740Y0045218D01*
X0084771Y0045126D01*
X0084798Y0045033D01*
X0084822Y0044939D01*
X0084842Y0044844D01*
X0084858Y0044748D01*
X0084870Y0044652D01*
X0084878Y0044555D01*
X0084882Y0044458D01*
X0084882Y0044362D01*
X0084878Y0044265D01*
X0084870Y0044168D01*
X0084858Y0044072D01*
X0084842Y0043976D01*
X0084822Y0043881D01*
X0084798Y0043787D01*
X0084771Y0043694D01*
X0084740Y0043602D01*
X0084705Y0043512D01*
X0084666Y0043423D01*
X0084623Y0043336D01*
X0084578Y0043250D01*
X0084528Y0043167D01*
X0084475Y0043085D01*
X0084419Y0043006D01*
X0084360Y0042929D01*
X0084298Y0042855D01*
X0084232Y0042783D01*
X0084164Y0042714D01*
X0084093Y0042648D01*
X0084020Y0042585D01*
X0083943Y0042525D01*
X0083865Y0042468D01*
X0083784Y0042415D01*
X0083701Y0042364D01*
X0083616Y0042318D01*
X0083529Y0042274D01*
X0083441Y0042235D01*
X0083351Y0042199D01*
X0083259Y0042167D01*
X0083166Y0042138D01*
X0083073Y0042114D01*
X0082978Y0042093D01*
X0082882Y0042076D01*
X0082786Y0042063D01*
X0082690Y0042054D01*
X0082593Y0042049D01*
X0082496Y0042048D01*
X0082399Y0042051D01*
X0082302Y0042058D01*
X0082206Y0042069D01*
X0082110Y0042084D01*
X0082015Y0042103D01*
X0081920Y0042125D01*
X0081827Y0042152D01*
X0081735Y0042182D01*
X0081644Y0042216D01*
X0081555Y0042254D01*
X0081467Y0042296D01*
X0081381Y0042341D01*
X0081297Y0042389D01*
X0081215Y0042441D01*
X0081136Y0042496D01*
X0081058Y0042555D01*
X0080983Y0042616D01*
X0080911Y0042681D01*
X0080841Y0042748D01*
X0080774Y0042819D01*
X0080711Y0042892D01*
X0080650Y0042967D01*
X0080592Y0043045D01*
X0080538Y0043126D01*
X0080487Y0043208D01*
X0080439Y0043293D01*
X0080395Y0043379D01*
X0080354Y0043467D01*
X0080318Y0043557D01*
X0080284Y0043648D01*
X0080255Y0043740D01*
X0080229Y0043834D01*
X0080208Y0043928D01*
X0080190Y0044024D01*
X0080176Y0044120D01*
X0080166Y0044216D01*
X0080160Y0044313D01*
X0080158Y0044410D01*
X0080158Y0062520D02*
X0080160Y0062617D01*
X0080166Y0062714D01*
X0080176Y0062810D01*
X0080190Y0062906D01*
X0080208Y0063002D01*
X0080229Y0063096D01*
X0080255Y0063190D01*
X0080284Y0063282D01*
X0080318Y0063373D01*
X0080354Y0063463D01*
X0080395Y0063551D01*
X0080439Y0063637D01*
X0080487Y0063722D01*
X0080538Y0063804D01*
X0080592Y0063885D01*
X0080650Y0063963D01*
X0080711Y0064038D01*
X0080774Y0064111D01*
X0080841Y0064182D01*
X0080911Y0064249D01*
X0080983Y0064314D01*
X0081058Y0064375D01*
X0081136Y0064434D01*
X0081215Y0064489D01*
X0081297Y0064541D01*
X0081381Y0064589D01*
X0081467Y0064634D01*
X0081555Y0064676D01*
X0081644Y0064714D01*
X0081735Y0064748D01*
X0081827Y0064778D01*
X0081920Y0064805D01*
X0082015Y0064827D01*
X0082110Y0064846D01*
X0082206Y0064861D01*
X0082302Y0064872D01*
X0082399Y0064879D01*
X0082496Y0064882D01*
X0082593Y0064881D01*
X0082690Y0064876D01*
X0082786Y0064867D01*
X0082882Y0064854D01*
X0082978Y0064837D01*
X0083073Y0064816D01*
X0083166Y0064792D01*
X0083259Y0064763D01*
X0083351Y0064731D01*
X0083441Y0064695D01*
X0083529Y0064656D01*
X0083616Y0064612D01*
X0083701Y0064566D01*
X0083784Y0064515D01*
X0083865Y0064462D01*
X0083943Y0064405D01*
X0084020Y0064345D01*
X0084093Y0064282D01*
X0084164Y0064216D01*
X0084232Y0064147D01*
X0084298Y0064075D01*
X0084360Y0064001D01*
X0084419Y0063924D01*
X0084475Y0063845D01*
X0084528Y0063763D01*
X0084578Y0063680D01*
X0084623Y0063594D01*
X0084666Y0063507D01*
X0084705Y0063418D01*
X0084740Y0063328D01*
X0084771Y0063236D01*
X0084798Y0063143D01*
X0084822Y0063049D01*
X0084842Y0062954D01*
X0084858Y0062858D01*
X0084870Y0062762D01*
X0084878Y0062665D01*
X0084882Y0062568D01*
X0084882Y0062472D01*
X0084878Y0062375D01*
X0084870Y0062278D01*
X0084858Y0062182D01*
X0084842Y0062086D01*
X0084822Y0061991D01*
X0084798Y0061897D01*
X0084771Y0061804D01*
X0084740Y0061712D01*
X0084705Y0061622D01*
X0084666Y0061533D01*
X0084623Y0061446D01*
X0084578Y0061360D01*
X0084528Y0061277D01*
X0084475Y0061195D01*
X0084419Y0061116D01*
X0084360Y0061039D01*
X0084298Y0060965D01*
X0084232Y0060893D01*
X0084164Y0060824D01*
X0084093Y0060758D01*
X0084020Y0060695D01*
X0083943Y0060635D01*
X0083865Y0060578D01*
X0083784Y0060525D01*
X0083701Y0060474D01*
X0083616Y0060428D01*
X0083529Y0060384D01*
X0083441Y0060345D01*
X0083351Y0060309D01*
X0083259Y0060277D01*
X0083166Y0060248D01*
X0083073Y0060224D01*
X0082978Y0060203D01*
X0082882Y0060186D01*
X0082786Y0060173D01*
X0082690Y0060164D01*
X0082593Y0060159D01*
X0082496Y0060158D01*
X0082399Y0060161D01*
X0082302Y0060168D01*
X0082206Y0060179D01*
X0082110Y0060194D01*
X0082015Y0060213D01*
X0081920Y0060235D01*
X0081827Y0060262D01*
X0081735Y0060292D01*
X0081644Y0060326D01*
X0081555Y0060364D01*
X0081467Y0060406D01*
X0081381Y0060451D01*
X0081297Y0060499D01*
X0081215Y0060551D01*
X0081136Y0060606D01*
X0081058Y0060665D01*
X0080983Y0060726D01*
X0080911Y0060791D01*
X0080841Y0060858D01*
X0080774Y0060929D01*
X0080711Y0061002D01*
X0080650Y0061077D01*
X0080592Y0061155D01*
X0080538Y0061236D01*
X0080487Y0061318D01*
X0080439Y0061403D01*
X0080395Y0061489D01*
X0080354Y0061577D01*
X0080318Y0061667D01*
X0080284Y0061758D01*
X0080255Y0061850D01*
X0080229Y0061944D01*
X0080208Y0062038D01*
X0080190Y0062134D01*
X0080176Y0062230D01*
X0080166Y0062326D01*
X0080160Y0062423D01*
X0080158Y0062520D01*
X0080551Y0076496D02*
X0080553Y0076584D01*
X0080559Y0076672D01*
X0080569Y0076760D01*
X0080583Y0076848D01*
X0080600Y0076934D01*
X0080622Y0077020D01*
X0080647Y0077104D01*
X0080677Y0077188D01*
X0080709Y0077270D01*
X0080746Y0077350D01*
X0080786Y0077429D01*
X0080830Y0077506D01*
X0080877Y0077581D01*
X0080927Y0077653D01*
X0080981Y0077724D01*
X0081037Y0077791D01*
X0081097Y0077857D01*
X0081159Y0077919D01*
X0081225Y0077979D01*
X0081292Y0078035D01*
X0081363Y0078089D01*
X0081435Y0078139D01*
X0081510Y0078186D01*
X0081587Y0078230D01*
X0081666Y0078270D01*
X0081746Y0078307D01*
X0081828Y0078339D01*
X0081912Y0078369D01*
X0081996Y0078394D01*
X0082082Y0078416D01*
X0082168Y0078433D01*
X0082256Y0078447D01*
X0082344Y0078457D01*
X0082432Y0078463D01*
X0082520Y0078465D01*
X0082608Y0078463D01*
X0082696Y0078457D01*
X0082784Y0078447D01*
X0082872Y0078433D01*
X0082958Y0078416D01*
X0083044Y0078394D01*
X0083128Y0078369D01*
X0083212Y0078339D01*
X0083294Y0078307D01*
X0083374Y0078270D01*
X0083453Y0078230D01*
X0083530Y0078186D01*
X0083605Y0078139D01*
X0083677Y0078089D01*
X0083748Y0078035D01*
X0083815Y0077979D01*
X0083881Y0077919D01*
X0083943Y0077857D01*
X0084003Y0077791D01*
X0084059Y0077724D01*
X0084113Y0077653D01*
X0084163Y0077581D01*
X0084210Y0077506D01*
X0084254Y0077429D01*
X0084294Y0077350D01*
X0084331Y0077270D01*
X0084363Y0077188D01*
X0084393Y0077104D01*
X0084418Y0077020D01*
X0084440Y0076934D01*
X0084457Y0076848D01*
X0084471Y0076760D01*
X0084481Y0076672D01*
X0084487Y0076584D01*
X0084489Y0076496D01*
X0084487Y0076408D01*
X0084481Y0076320D01*
X0084471Y0076232D01*
X0084457Y0076144D01*
X0084440Y0076058D01*
X0084418Y0075972D01*
X0084393Y0075888D01*
X0084363Y0075804D01*
X0084331Y0075722D01*
X0084294Y0075642D01*
X0084254Y0075563D01*
X0084210Y0075486D01*
X0084163Y0075411D01*
X0084113Y0075339D01*
X0084059Y0075268D01*
X0084003Y0075201D01*
X0083943Y0075135D01*
X0083881Y0075073D01*
X0083815Y0075013D01*
X0083748Y0074957D01*
X0083677Y0074903D01*
X0083605Y0074853D01*
X0083530Y0074806D01*
X0083453Y0074762D01*
X0083374Y0074722D01*
X0083294Y0074685D01*
X0083212Y0074653D01*
X0083128Y0074623D01*
X0083044Y0074598D01*
X0082958Y0074576D01*
X0082872Y0074559D01*
X0082784Y0074545D01*
X0082696Y0074535D01*
X0082608Y0074529D01*
X0082520Y0074527D01*
X0082432Y0074529D01*
X0082344Y0074535D01*
X0082256Y0074545D01*
X0082168Y0074559D01*
X0082082Y0074576D01*
X0081996Y0074598D01*
X0081912Y0074623D01*
X0081828Y0074653D01*
X0081746Y0074685D01*
X0081666Y0074722D01*
X0081587Y0074762D01*
X0081510Y0074806D01*
X0081435Y0074853D01*
X0081363Y0074903D01*
X0081292Y0074957D01*
X0081225Y0075013D01*
X0081159Y0075073D01*
X0081097Y0075135D01*
X0081037Y0075201D01*
X0080981Y0075268D01*
X0080927Y0075339D01*
X0080877Y0075411D01*
X0080830Y0075486D01*
X0080786Y0075563D01*
X0080746Y0075642D01*
X0080709Y0075722D01*
X0080677Y0075804D01*
X0080647Y0075888D01*
X0080622Y0075972D01*
X0080600Y0076058D01*
X0080583Y0076144D01*
X0080569Y0076232D01*
X0080559Y0076320D01*
X0080553Y0076408D01*
X0080551Y0076496D01*
D11*
X0079568Y0076496D02*
X0085473Y0076496D01*
X0085473Y0030433D02*
X0079568Y0030433D01*
M02*
